 _________________________________________________

 SCOOTER-Munk profile with shear in the sub-bottom                               
 Nominal Frequency =   50.00    Hz
 NMedia    =   1


     Spline approximation to SSP
     Attenuation units: dB/wavelength


   z (m)     alphaR (m/s)   betaR  rho (g/cm^3)  alphaI     betaI

     VACUUM

       ( # mesh points =     0  RMS roughness =   0.00     m )
      0.00      1548.52      0.00     1.00       0.0000    0.0000
    200.00      1530.29      0.00     1.00       0.0000    0.0000
    250.00      1526.69      0.00     1.00       0.0000    0.0000
    400.00      1517.78      0.00     1.00       0.0000    0.0000
    600.00      1509.49      0.00     1.00       0.0000    0.0000
    800.00      1504.30      0.00     1.00       0.0000    0.0000
   1000.00      1501.38      0.00     1.00       0.0000    0.0000
   1200.00      1500.14      0.00     1.00       0.0000    0.0000
   1400.00      1500.12      0.00     1.00       0.0000    0.0000
   1600.00      1501.02      0.00     1.00       0.0000    0.0000
   1800.00      1502.57      0.00     1.00       0.0000    0.0000
   2000.00      1504.62      0.00     1.00       0.0000    0.0000
   2200.00      1507.02      0.00     1.00       0.0000    0.0000
   2400.00      1509.69      0.00     1.00       0.0000    0.0000
   2600.00      1512.55      0.00     1.00       0.0000    0.0000
   2800.00      1515.56      0.00     1.00       0.0000    0.0000
   3000.00      1518.67      0.00     1.00       0.0000    0.0000
   3200.00      1521.85      0.00     1.00       0.0000    0.0000
   3400.00      1525.10      0.00     1.00       0.0000    0.0000
   3600.00      1528.38      0.00     1.00       0.0000    0.0000
   3800.00      1531.70      0.00     1.00       0.0000    0.0000
   4000.00      1535.04      0.00     1.00       0.0000    0.0000
   4200.00      1538.39      0.00     1.00       0.0000    0.0000
   4400.00      1541.76      0.00     1.00       0.0000    0.0000
   4600.00      1545.14      0.00     1.00       0.0000    0.0000
   4800.00      1548.52      0.00     1.00       0.0000    0.0000
   5000.00      1551.91      0.00     1.00       0.0000    0.0000
        ( Number mesh points auto calc. =         3221  )

                              ( RMS roughness =   0.00     m )
     ACOUSTO-ELASTIC half-space
   5000.00      1600.00   1000.00     1.80       0.8000    0.5000

 cLow =   1400.0     m/s      cHigh =   1600.0     m/s
 RMax =   200.00     km

 __________________________________________________________________________

 Number of Source   depths, Sz =            1
 Source   depths, Sz (m)
   1000.00    


 __________________________________________________________________________

 Number of Receiver depths, Rz =          501
 Receiver depths, Rz (m)
   0.00000       10.0000       20.0000       30.0000       40.0000    
   50.0000       60.0000       70.0000       80.0000       90.0000    
          ... 
   5000.00    

 Nk =         3571
 CPU Time:     0.32812    s   ---cumulative
