 BELLHOP/BELLHOP3D

 BELLHOP- Munk profile                                                           
 frequency =   5000.     Hz

 Dummy parameter NMedia =            1

     PCHIP approximation to SSP
     Attenuation units: dB/mkHz
     VACUUM

 Depth =    5000.00 m

 Sound speed profile:
   z (m)     alphaR (m/s)   betaR  rho (g/cm^3)  alphaI     betaI

      0.00      1548.52      0.00     1.00       0.0000    0.0000
    200.00      1530.29      0.00     1.00       0.0000    0.0000
    250.00      1526.69      0.00     1.00       0.0000    0.0000
    400.00      1517.78      0.00     1.00       0.0000    0.0000
    600.00      1509.49      0.00     1.00       0.0000    0.0000
    800.00      1504.30      0.00     1.00       0.0000    0.0000
   1000.00      1501.38      0.00     1.00       0.0000    0.0000
   1200.00      1500.14      0.00     1.00       0.0000    0.0000
   1400.00      1500.12      0.00     1.00       0.0000    0.0000
   1600.00      1501.02      0.00     1.00       0.0000    0.0000
   1800.00      1502.57      0.00     1.00       0.0000    0.0000
   2000.00      1504.62      0.00     1.00       0.0000    0.0000
   2200.00      1507.02      0.00     1.00       0.0000    0.0000
   2400.00      1509.69      0.00     1.00       0.0000    0.0000
   2600.00      1512.55      0.00     1.00       0.0000    0.0000
   2800.00      1515.56      0.00     1.00       0.0000    0.0000
   3000.00      1518.67      0.00     1.00       0.0000    0.0000
   3200.00      1521.85      0.00     1.00       0.0000    0.0000
   3400.00      1525.10      0.00     1.00       0.0000    0.0000
   3600.00      1528.38      0.00     1.00       0.0000    0.0000
   3800.00      1531.70      0.00     1.00       0.0000    0.0000
   4000.00      1535.04      0.00     1.00       0.0000    0.0000
   4200.00      1538.39      0.00     1.00       0.0000    0.0000
   4400.00      1541.76      0.00     1.00       0.0000    0.0000
   4600.00      1545.14      0.00     1.00       0.0000    0.0000
   4800.00      1548.52      0.00     1.00       0.0000    0.0000
   5000.00      1551.91      0.00     1.00       0.0000    0.0000

                                 ( RMS roughness =   0.00     )
     ACOUSTO-ELASTIC half-space
   5000.00      1600.00      0.00     1.00       0.0000    0.0000

 __________________________________________________________________________

 Number of Source   depths, Sz =            1
 Source   depths, Sz (m)
   1000.00    


 __________________________________________________________________________

 Number of Receiver depths, Rz =          100
 Receiver depths, Rz (m)
   0.00000       50.5051       101.010       151.515       202.020    
   252.525       303.030       353.535       404.040       454.545    
          ... 
   5000.00    


 __________________________________________________________________________

 Number of Receiver ranges, Rr =          100
 Receiver ranges, Rr (km)
   0.00000      0.101010      0.202020      0.303030      0.404040    
  0.505050      0.606061      0.707071      0.808081      0.909091    
          ... 
   10.0000    


 Ray trace run
 Geometric hat beams in Cartesian coordinates
 Point source (cylindrical coordinates)
 Rectilinear receiver grid: Receivers at Rr( : ) x Rz( : )
 __________________________________________________________________________

 Number of beams in elevation   =           35
 Beam take-off angles (degrees)
  -25.0000      -23.6765      -22.3529      -21.0294      -19.7059    
  -18.3824      -17.0588      -15.7353      -14.4118      -13.0882    
          ... 
   20.0000    

 __________________________________________________________________________


 Step length,       deltas =   0.000     m

 Maximum ray depth, Box%z  =   5500.     m
 Maximum ray range, Box%r  =   10.00    km
 No beam shift in effect


 Step length,       deltas =   500.0     m (automatically selected)

Tracing beam       1    -25.00
Tracing beam       2    -23.68
Tracing beam       3    -22.35
Tracing beam       4    -21.03
Tracing beam       5    -19.71
Tracing beam       6    -18.38
Tracing beam       7    -17.06
Tracing beam       8    -15.74
Tracing beam       9    -14.41
Tracing beam      10    -13.09
Tracing beam      11    -11.76
Tracing beam      12    -10.44
Tracing beam      13     -9.12
Tracing beam      14     -7.79
Tracing beam      15     -6.47
Tracing beam      16     -5.15
Tracing beam      17     -3.82
Tracing beam      18     -2.50
Tracing beam      19     -1.18
Tracing beam      20      0.15
Tracing beam      21      1.47
Tracing beam      22      2.79
Tracing beam      23      4.12
Tracing beam      24      5.44
Tracing beam      25      6.76
Tracing beam      26      8.09
Tracing beam      27      9.41
Tracing beam      28     10.74
Tracing beam      29     12.06
Tracing beam      30     13.38
Tracing beam      31     14.71
Tracing beam      32     16.03
Tracing beam      33     17.35
Tracing beam      34     18.68
Tracing beam      35     20.00

 CPU Time =        0.00    s
