 BELLHOP/BELLHOP3D

 BELLHOP- Munk profile, coherent                                                 
 frequency =   5000.     Hz

 Dummy parameter NMedia =            1

     Spline approximation to SSP
     Attenuation units: dB/wavelength
     VACUUM

 Depth =    5000.00 m

 Sound speed profile:
   z (m)     alphaR (m/s)   betaR  rho (g/cm^3)  alphaI     betaI

      0.00      1548.52      0.00     1.00       0.0000    0.0000
    200.00      1530.29      0.00     1.00       0.0000    0.0000
    250.00      1526.69      0.00     1.00       0.0000    0.0000
    400.00      1517.78      0.00     1.00       0.0000    0.0000
    600.00      1509.49      0.00     1.00       0.0000    0.0000
    800.00      1504.30      0.00     1.00       0.0000    0.0000
   1000.00      1501.38      0.00     1.00       0.0000    0.0000
   1200.00      1500.14      0.00     1.00       0.0000    0.0000
   1400.00      1500.12      0.00     1.00       0.0000    0.0000
   1600.00      1501.02      0.00     1.00       0.0000    0.0000
   1800.00      1502.57      0.00     1.00       0.0000    0.0000
   2000.00      1504.62      0.00     1.00       0.0000    0.0000
   2200.00      1507.02      0.00     1.00       0.0000    0.0000
   2400.00      1509.69      0.00     1.00       0.0000    0.0000
   2600.00      1512.55      0.00     1.00       0.0000    0.0000
   2800.00      1515.56      0.00     1.00       0.0000    0.0000
   3000.00      1518.67      0.00     1.00       0.0000    0.0000
   3200.00      1521.85      0.00     1.00       0.0000    0.0000
   3400.00      1525.10      0.00     1.00       0.0000    0.0000
   3600.00      1528.38      0.00     1.00       0.0000    0.0000
   3800.00      1531.70      0.00     1.00       0.0000    0.0000
   4000.00      1535.04      0.00     1.00       0.0000    0.0000
   4200.00      1538.39      0.00     1.00       0.0000    0.0000
   4400.00      1541.76      0.00     1.00       0.0000    0.0000
   4600.00      1545.14      0.00     1.00       0.0000    0.0000
   4800.00      1548.52      0.00     1.00       0.0000    0.0000
   5000.00      1551.91      0.00     1.00       0.0000    0.0000

                                 ( RMS roughness =   0.00     )
     ACOUSTO-ELASTIC half-space
   5000.00      1600.00      0.00     1.80       0.8000    0.0000

 __________________________________________________________________________

 Number of Source   depths, Sz =            1
 Source   depths, Sz (m)
   1000.00    


 __________________________________________________________________________

 Number of Receiver depths, Rz =          501
 Receiver depths, Rz (m)
   0.00000       10.0000       20.0000       30.0000       40.0000    
   50.0000       60.0000       70.0000       80.0000       90.0000    
          ... 
   5000.00    


 __________________________________________________________________________

 Number of Receiver ranges, Rr =          100
 Receiver ranges, Rr (km)
   0.00000      0.101010      0.202020      0.303030      0.404040    
  0.505050      0.606061      0.707071      0.808081      0.909091    
          ... 
   10.0000    


 Coherent TL calculation
 Geometric hat beams in Cartesian coordinates
 Point source (cylindrical coordinates)
 Rectilinear receiver grid: Receivers at Rr( : ) x Rz( : )
 __________________________________________________________________________

 Number of beams in elevation   =        10000
 Beam take-off angles (degrees)
  -20.3000      -20.2959      -20.2919      -20.2878      -20.2838    
  -20.2797      -20.2756      -20.2716      -20.2675      -20.2635    
          ... 
   20.3000    

 __________________________________________________________________________


 Step length,       deltas =   50.00     m

 Maximum ray depth, Box%z  =   5500.     m
 Maximum ray range, Box%r  =   10.00    km
 No beam shift in effect


Tracing beam       1    -20.30

 Geometric hat beams                     
 halfwidth  =    1348.7265801315907     
 epsilonOpt =  (  0.0000000000000000     ,  28573780880.043755     )
 EpsMult    =    1.0000000000000000     

Tracing beam     201    -19.49
Tracing beam     401    -18.68
Tracing beam     601    -17.86
Tracing beam     801    -17.05
Tracing beam    1001    -16.24
Tracing beam    1201    -15.43
Tracing beam    1401    -14.62
Tracing beam    1601    -13.80
Tracing beam    1801    -12.99
Tracing beam    2001    -12.18
Tracing beam    2201    -11.37
Tracing beam    2401    -10.56
Tracing beam    2601     -9.74
Tracing beam    2801     -8.93
Tracing beam    3001     -8.12
Tracing beam    3201     -7.31
Tracing beam    3401     -6.49
Tracing beam    3601     -5.68
Tracing beam    3801     -4.87
Tracing beam    4001     -4.06
Tracing beam    4201     -3.25
Tracing beam    4401     -2.43
Tracing beam    4601     -1.62
Tracing beam    4801     -0.81
Tracing beam    5001      0.00
Tracing beam    5201      0.81
Tracing beam    5401      1.63
Tracing beam    5601      2.44
Tracing beam    5801      3.25
Tracing beam    6001      4.06
Tracing beam    6201      4.87
Tracing beam    6401      5.69
Tracing beam    6601      6.50
Tracing beam    6801      7.31
Tracing beam    7001      8.12
Tracing beam    7201      8.93
Tracing beam    7401      9.75
Tracing beam    7601     10.56
Tracing beam    7801     11.37
Tracing beam    8001     12.18
Tracing beam    8201     13.00
Tracing beam    8401     13.81
Tracing beam    8601     14.62
Tracing beam    8801     15.43
Tracing beam    9001     16.24
Tracing beam    9201     17.06
Tracing beam    9401     17.87
Tracing beam    9601     18.68
Tracing beam    9801     19.49

 CPU Time =       0.766    s
